# JRE version: OpenJDK Runtime Environment (8.0_242-b01) (build 1.8.0_242-release-1644-b01)
# Java VM: OpenJDK 64-Bit Server VM (25.242-b01 mixed mode windows-amd64 compressed oops)
Heap:
 PSYoungGen      total 336896K, used 84079K [0x00000000d5580000, 0x00000000efd80000, 0x0000000100000000)
  eden space 298496K, 21% used [0x00000000d5580000,0x00000000d951f0c0,0x00000000e7900000)
  from space 38400K, 49% used [0x00000000e9b00000,0x00000000ead7cd68,0x00000000ec080000)
  to   space 34816K, 0% used [0x00000000e7900000,0x00000000e7900000,0x00000000e9b00000)
 ParOldGen       total 180224K, used 61678K [0x0000000080000000, 0x000000008b000000, 0x00000000d5580000)
  object space 180224K, 34% used [0x0000000080000000,0x0000000083c3bad8,0x000000008b000000)
 Metaspace       used 97647K, capacity 102726K, committed 102936K, reserved 1138688K
  class space    used 12592K, capacity 13532K, committed 13608K, reserved 1048576K
GC Heap History (10 events):
Event: 1756.928 GC heap before
{Heap before GC invocations=24 (full 4):
 PSYoungGen      total 251392K, used 215552K [0x00000000d5580000, 0x00000000e9680000, 0x0000000100000000)
  eden space 215552K, 100% used [0x00000000d5580000,0x00000000e2800000,0x00000000e2800000)
  from space 35840K, 0% used [0x00000000e2800000,0x00000000e2800000,0x00000000e4b00000)
  to   space 38912K, 0% used [0x00000000e7080000,0x00000000e7080000,0x00000000e9680000)
 ParOldGen       total 180224K, used 61670K [0x0000000080000000, 0x000000008b000000, 0x00000000d5580000)
  object space 180224K, 34% used [0x0000000080000000,0x0000000083c39ad8,0x000000008b000000)
 Metaspace       used 96442K, capacity 101338K, committed 101528K, reserved 1136640K
  class space    used 12483K, capacity 13436K, committed 13480K, reserved 1048576K
Event: 1757.058 GC heap after
Heap after GC invocations=24 (full 4):
 PSYoungGen      total 290304K, used 6896K [0x00000000d5580000, 0x00000000e9a80000, 0x0000000100000000)
  eden space 251392K, 0% used [0x00000000d5580000,0x00000000d5580000,0x00000000e4b00000)
  from space 38912K, 17% used [0x00000000e7080000,0x00000000e773c298,0x00000000e9680000)
  to   space 38400K, 0% used [0x00000000e4b00000,0x00000000e4b00000,0x00000000e7080000)
 ParOldGen       total 180224K, used 61678K [0x0000000080000000, 0x000000008b000000, 0x00000000d5580000)
  object space 180224K, 34% used [0x0000000080000000,0x0000000083c3bad8,0x000000008b000000)
 Metaspace       used 96442K, capacity 101338K, committed 101528K, reserved 1136640K
  class space    used 12483K, capacity 13436K, committed 13480K, reserved 1048576K
}
Event: 1764.656 GC heap before
{Heap before GC invocations=25 (full 4):
 PSYoungGen      total 290304K, used 258288K [0x00000000d5580000, 0x00000000e9a80000, 0x0000000100000000)
  eden space 251392K, 100% used [0x00000000d5580000,0x00000000e4b00000,0x00000000e4b00000)
  from space 38912K, 17% used [0x00000000e7080000,0x00000000e773c298,0x00000000e9680000)
  to   space 38400K, 0% used [0x00000000e4b00000,0x00000000e4b00000,0x00000000e7080000)
 ParOldGen       total 180224K, used 61678K [0x0000000080000000, 0x000000008b000000, 0x00000000d5580000)
  object space 180224K, 34% used [0x0000000080000000,0x0000000083c3bad8,0x000000008b000000)
 Metaspace       used 96822K, capacity 101842K, committed 102040K, reserved 1138688K
  class space    used 12530K, capacity 13476K, committed 13480K, reserved 1048576K
Event: 1764.712 GC heap after
Heap after GC invocations=25 (full 4):
 PSYoungGen      total 289792K, used 6720K [0x00000000d5580000, 0x00000000ec080000, 0x0000000100000000)
  eden space 251392K, 0% used [0x00000000d5580000,0x00000000d5580000,0x00000000e4b00000)
  from space 38400K, 17% used [0x00000000e4b00000,0x00000000e51903d0,0x00000000e7080000)
  to   space 38400K, 0% used [0x00000000e9b00000,0x00000000e9b00000,0x00000000ec080000)
 ParOldGen       total 180224K, used 61678K [0x0000000080000000, 0x000000008b000000, 0x00000000d5580000)
  object space 180224K, 34% used [0x0000000080000000,0x0000000083c3bad8,0x000000008b000000)
 Metaspace       used 96822K, capacity 101842K, committed 102040K, reserved 1138688K
  class space    used 12530K, capacity 13476K, committed 13480K, reserved 1048576K
}
Event: 1769.108 GC heap before
{Heap before GC invocations=26 (full 4):
 PSYoungGen      total 289792K, used 258112K [0x00000000d5580000, 0x00000000ec080000, 0x0000000100000000)
  eden space 251392K, 100% used [0x00000000d5580000,0x00000000e4b00000,0x00000000e4b00000)
  from space 38400K, 17% used [0x00000000e4b00000,0x00000000e51903d0,0x00000000e7080000)
  to   space 38400K, 0% used [0x00000000e9b00000,0x00000000e9b00000,0x00000000ec080000)
 ParOldGen       total 180224K, used 61678K [0x0000000080000000, 0x000000008b000000, 0x00000000d5580000)
  object space 180224K, 34% used [0x0000000080000000,0x0000000083c3bad8,0x000000008b000000)
 Metaspace       used 96923K, capacity 101982K, committed 102040K, reserved 1138688K
  class space    used 12532K, capacity 13476K, committed 13480K, reserved 1048576K
Event: 1769.366 GC heap after
Heap after GC invocations=26 (full 4):
 PSYoungGen      total 334848K, used 18198K [0x00000000d5580000, 0x00000000ecb80000, 0x0000000100000000)
  eden space 296448K, 0% used [0x00000000d5580000,0x00000000d5580000,0x00000000e7700000)
  from space 38400K, 47% used [0x00000000e9b00000,0x00000000eacc59e0,0x00000000ec080000)
  to   space 36864K, 0% used [0x00000000e7700000,0x00000000e7700000,0x00000000e9b00000)
 ParOldGen       total 180224K, used 61678K [0x0000000080000000, 0x000000008b000000, 0x00000000d5580000)
  object space 180224K, 34% used [0x0000000080000000,0x0000000083c3bad8,0x000000008b000000)
 Metaspace       used 96923K, capacity 101982K, committed 102040K, reserved 1138688K
  class space    used 12532K, capacity 13476K, committed 13480K, reserved 1048576K
}
Event: 1775.700 GC heap before
{Heap before GC invocations=27 (full 4):
 PSYoungGen      total 334848K, used 314646K [0x00000000d5580000, 0x00000000ecb80000, 0x0000000100000000)
  eden space 296448K, 100% used [0x00000000d5580000,0x00000000e7700000,0x00000000e7700000)
  from space 38400K, 47% used [0x00000000e9b00000,0x00000000eacc59e0,0x00000000ec080000)
  to   space 36864K, 0% used [0x00000000e7700000,0x00000000e7700000,0x00000000e9b00000)
 ParOldGen       total 180224K, used 61678K [0x0000000080000000, 0x000000008b000000, 0x00000000d5580000)
  object space 180224K, 34% used [0x0000000080000000,0x0000000083c3bad8,0x000000008b000000)
 Metaspace       used 96995K, capacity 102062K, committed 102296K, reserved 1138688K
  class space    used 12535K, capacity 13478K, committed 13480K, reserved 1048576K
Event: 1775.863 GC heap after
Heap after GC invocations=27 (full 4):
 PSYoungGen      total 333312K, used 19191K [0x00000000d5580000, 0x00000000ecb80000, 0x0000000100000000)
  eden space 296448K, 0% used [0x00000000d5580000,0x00000000d5580000,0x00000000e7700000)
  from space 36864K, 52% used [0x00000000e7700000,0x00000000e89bdd00,0x00000000e9b00000)
  to   space 38400K, 0% used [0x00000000e9b00000,0x00000000e9b00000,0x00000000ec080000)
 ParOldGen       total 180224K, used 61678K [0x0000000080000000, 0x000000008b000000, 0x00000000d5580000)
  object space 180224K, 34% used [0x0000000080000000,0x0000000083c3bad8,0x000000008b000000)
 Metaspace       used 96995K, capacity 102062K, committed 102296K, reserved 1138688K
  class space    used 12535K, capacity 13478K, committed 13480K, reserved 1048576K
}
Event: 1781.989 GC heap before
{Heap before GC invocations=28 (full 4):
 PSYoungGen      total 333312K, used 315639K [0x00000000d5580000, 0x00000000ecb80000, 0x0000000100000000)
  eden space 296448K, 100% used [0x00000000d5580000,0x00000000e7700000,0x00000000e7700000)
  from space 36864K, 52% used [0x00000000e7700000,0x00000000e89bdd00,0x00000000e9b00000)
  to   space 38400K, 0% used [0x00000000e9b00000,0x00000000e9b00000,0x00000000ec080000)
 ParOldGen       total 180224K, used 61678K [0x0000000080000000, 0x000000008b000000, 0x00000000d5580000)
  object space 180224K, 34% used [0x0000000080000000,0x0000000083c3bad8,0x000000008b000000)
 Metaspace       used 97626K, capacity 102726K, committed 102936K, reserved 1138688K
  class space    used 12591K, capacity 13532K, committed 13608K, reserved 1048576K
Event: 1782.134 GC heap after
Heap after GC invocations=28 (full 4):
 PSYoungGen      total 336896K, used 18931K [0x00000000d5580000, 0x00000000efd80000, 0x0000000100000000)
  eden space 298496K, 0% used [0x00000000d5580000,0x00000000d5580000,0x00000000e7900000)
  from space 38400K, 49% used [0x00000000e9b00000,0x00000000ead7cd68,0x00000000ec080000)
  to   space 34816K, 0% used [0x00000000e7900000,0x00000000e7900000,0x00000000e9b00000)
 ParOldGen       total 180224K, used 61678K [0x0000000080000000, 0x000000008b000000, 0x00000000d5580000)
  object space 180224K, 34% used [0x0000000080000000,0x0000000083c3bad8,0x000000008b000000)
 Metaspace       used 97626K, capacity 102726K, committed 102936K, reserved 1138688K
  class space    used 12591K, capacity 13532K, committed 13608K, reserved 1048576K
}

