# JRE version: OpenJDK Runtime Environment (8.0_242-b01) (build 1.8.0_242-release-1644-b01)
# Java VM: OpenJDK 64-Bit Server VM (25.242-b01 mixed mode windows-amd64 compressed oops)
Heap:
 PSYoungGen      total 33280K, used 5734K [0x00000000db400000, 0x00000000de480000, 0x0000000100000000)
  eden space 28672K, 3% used [0x00000000db400000,0x00000000db51d1e8,0x00000000dd000000)
  from space 4608K, 99% used [0x00000000dd480000,0x00000000dd8fca10,0x00000000dd900000)
  to   space 4608K, 0% used [0x00000000dd000000,0x00000000dd000000,0x00000000dd480000)
 ParOldGen       total 63488K, used 12609K [0x0000000091c00000, 0x0000000095a00000, 0x00000000db400000)
  object space 63488K, 19% used [0x0000000091c00000,0x0000000092850580,0x0000000095a00000)
 Metaspace       used 24412K, capacity 24944K, committed 25136K, reserved 1071104K
  class space    used 2915K, capacity 3092K, committed 3120K, reserved 1048576K
GC Heap History (10 events):
Event: 1.799 GC heap before
{Heap before GC invocations=1 (full 0):
 PSYoungGen      total 33280K, used 28672K [0x00000000db400000, 0x00000000dd900000, 0x0000000100000000)
  eden space 28672K, 100% used [0x00000000db400000,0x00000000dd000000,0x00000000dd000000)
  from space 4608K, 0% used [0x00000000dd480000,0x00000000dd480000,0x00000000dd900000)
  to   space 4608K, 0% used [0x00000000dd000000,0x00000000dd000000,0x00000000dd480000)
 ParOldGen       total 76800K, used 0K [0x0000000091c00000, 0x0000000096700000, 0x00000000db400000)
  object space 76800K, 0% used [0x0000000091c00000,0x0000000091c00000,0x0000000096700000)
 Metaspace       used 9397K, capacity 9552K, committed 9856K, reserved 1058816K
  class space    used 1013K, capacity 1084K, committed 1152K, reserved 1048576K
Event: 1.816 GC heap after
Heap after GC invocations=1 (full 0):
 PSYoungGen      total 33280K, used 4578K [0x00000000db400000, 0x00000000dd900000, 0x0000000100000000)
  eden space 28672K, 0% used [0x00000000db400000,0x00000000db400000,0x00000000dd000000)
  from space 4608K, 99% used [0x00000000dd000000,0x00000000dd478810,0x00000000dd480000)
  to   space 4608K, 0% used [0x00000000dd480000,0x00000000dd480000,0x00000000dd900000)
 ParOldGen       total 76800K, used 2005K [0x0000000091c00000, 0x0000000096700000, 0x00000000db400000)
  object space 76800K, 2% used [0x0000000091c00000,0x0000000091df5470,0x0000000096700000)
 Metaspace       used 9397K, capacity 9552K, committed 9856K, reserved 1058816K
  class space    used 1013K, capacity 1084K, committed 1152K, reserved 1048576K
}
Event: 3.732 GC heap before
{Heap before GC invocations=2 (full 0):
 PSYoungGen      total 33280K, used 33250K [0x00000000db400000, 0x00000000dd900000, 0x0000000100000000)
  eden space 28672K, 100% used [0x00000000db400000,0x00000000dd000000,0x00000000dd000000)
  from space 4608K, 99% used [0x00000000dd000000,0x00000000dd478810,0x00000000dd480000)
  to   space 4608K, 0% used [0x00000000dd480000,0x00000000dd480000,0x00000000dd900000)
 ParOldGen       total 76800K, used 2005K [0x0000000091c00000, 0x0000000096700000, 0x00000000db400000)
  object space 76800K, 2% used [0x0000000091c00000,0x0000000091df5470,0x0000000096700000)
 Metaspace       used 14127K, capacity 14444K, committed 14592K, reserved 1062912K
  class space    used 1640K, capacity 1732K, committed 1792K, reserved 1048576K
Event: 3.765 GC heap after
Heap after GC invocations=2 (full 0):
 PSYoungGen      total 33280K, used 4608K [0x00000000db400000, 0x00000000dd900000, 0x0000000100000000)
  eden space 28672K, 0% used [0x00000000db400000,0x00000000db400000,0x00000000dd000000)
  from space 4608K, 100% used [0x00000000dd480000,0x00000000dd900000,0x00000000dd900000)
  to   space 4608K, 0% used [0x00000000dd000000,0x00000000dd000000,0x00000000dd480000)
 ParOldGen       total 76800K, used 6015K [0x0000000091c00000, 0x0000000096700000, 0x00000000db400000)
  object space 76800K, 7% used [0x0000000091c00000,0x00000000921dfe68,0x0000000096700000)
 Metaspace       used 14127K, capacity 14444K, committed 14592K, reserved 1062912K
  class space    used 1640K, capacity 1732K, committed 1792K, reserved 1048576K
}
Event: 5.457 GC heap before
{Heap before GC invocations=3 (full 0):
 PSYoungGen      total 33280K, used 31765K [0x00000000db400000, 0x00000000dd900000, 0x0000000100000000)
  eden space 28672K, 94% used [0x00000000db400000,0x00000000dce85588,0x00000000dd000000)
  from space 4608K, 100% used [0x00000000dd480000,0x00000000dd900000,0x00000000dd900000)
  to   space 4608K, 0% used [0x00000000dd000000,0x00000000dd000000,0x00000000dd480000)
 ParOldGen       total 76800K, used 6015K [0x0000000091c00000, 0x0000000096700000, 0x00000000db400000)
  object space 76800K, 7% used [0x0000000091c00000,0x00000000921dfe68,0x0000000096700000)
 Metaspace       used 20833K, capacity 21248K, committed 21296K, reserved 1069056K
  class space    used 2444K, capacity 2592K, committed 2608K, reserved 1048576K
Event: 5.477 GC heap after
Heap after GC invocations=3 (full 0):
 PSYoungGen      total 33280K, used 4596K [0x00000000db400000, 0x00000000dd900000, 0x0000000100000000)
  eden space 28672K, 0% used [0x00000000db400000,0x00000000db400000,0x00000000dd000000)
  from space 4608K, 99% used [0x00000000dd000000,0x00000000dd47d040,0x00000000dd480000)
  to   space 4608K, 0% used [0x00000000dd480000,0x00000000dd480000,0x00000000dd900000)
 ParOldGen       total 76800K, used 12233K [0x0000000091c00000, 0x0000000096700000, 0x00000000db400000)
  object space 76800K, 15% used [0x0000000091c00000,0x00000000927f2518,0x0000000096700000)
 Metaspace       used 20833K, capacity 21248K, committed 21296K, reserved 1069056K
  class space    used 2444K, capacity 2592K, committed 2608K, reserved 1048576K
}
Event: 5.477 GC heap before
{Heap before GC invocations=4 (full 1):
 PSYoungGen      total 33280K, used 4596K [0x00000000db400000, 0x00000000dd900000, 0x0000000100000000)
  eden space 28672K, 0% used [0x00000000db400000,0x00000000db400000,0x00000000dd000000)
  from space 4608K, 99% used [0x00000000dd000000,0x00000000dd47d040,0x00000000dd480000)
  to   space 4608K, 0% used [0x00000000dd480000,0x00000000dd480000,0x00000000dd900000)
 ParOldGen       total 76800K, used 12233K [0x0000000091c00000, 0x0000000096700000, 0x00000000db400000)
  object space 76800K, 15% used [0x0000000091c00000,0x00000000927f2518,0x0000000096700000)
 Metaspace       used 20833K, capacity 21248K, committed 21296K, reserved 1069056K
  class space    used 2444K, capacity 2592K, committed 2608K, reserved 1048576K
Event: 5.577 GC heap after
Heap after GC invocations=4 (full 1):
 PSYoungGen      total 33280K, used 0K [0x00000000db400000, 0x00000000dd900000, 0x0000000100000000)
  eden space 28672K, 0% used [0x00000000db400000,0x00000000db400000,0x00000000dd000000)
  from space 4608K, 0% used [0x00000000dd000000,0x00000000dd000000,0x00000000dd480000)
  to   space 4608K, 0% used [0x00000000dd480000,0x00000000dd480000,0x00000000dd900000)
 ParOldGen       total 63488K, used 10684K [0x0000000091c00000, 0x0000000095a00000, 0x00000000db400000)
  object space 63488K, 16% used [0x0000000091c00000,0x000000009266f060,0x0000000095a00000)
 Metaspace       used 20833K, capacity 21248K, committed 21296K, reserved 1069056K
  class space    used 2444K, capacity 2592K, committed 2608K, reserved 1048576K
}
Event: 6.814 GC heap before
{Heap before GC invocations=5 (full 1):
 PSYoungGen      total 33280K, used 28672K [0x00000000db400000, 0x00000000dd900000, 0x0000000100000000)
  eden space 28672K, 100% used [0x00000000db400000,0x00000000dd000000,0x00000000dd000000)
  from space 4608K, 0% used [0x00000000dd000000,0x00000000dd000000,0x00000000dd480000)
  to   space 4608K, 0% used [0x00000000dd480000,0x00000000dd480000,0x00000000dd900000)
 ParOldGen       total 63488K, used 10684K [0x0000000091c00000, 0x0000000095a00000, 0x00000000db400000)
  object space 63488K, 16% used [0x0000000091c00000,0x000000009266f060,0x0000000095a00000)
 Metaspace       used 24340K, capacity 24848K, committed 25136K, reserved 1071104K
  class space    used 2904K, capacity 3060K, committed 3120K, reserved 1048576K
Event: 6.828 GC heap after
Heap after GC invocations=5 (full 1):
 PSYoungGen      total 33280K, used 4594K [0x00000000db400000, 0x00000000de480000, 0x0000000100000000)
  eden space 28672K, 0% used [0x00000000db400000,0x00000000db400000,0x00000000dd000000)
  from space 4608K, 99% used [0x00000000dd480000,0x00000000dd8fca10,0x00000000dd900000)
  to   space 4608K, 0% used [0x00000000dd000000,0x00000000dd000000,0x00000000dd480000)
 ParOldGen       total 63488K, used 12609K [0x0000000091c00000, 0x0000000095a00000, 0x00000000db400000)
  object space 63488K, 19% used [0x0000000091c00000,0x0000000092850580,0x0000000095a00000)
 Metaspace       used 24340K, capacity 24848K, committed 25136K, reserved 1071104K
  class space    used 2904K, capacity 3060K, committed 3120K, reserved 1048576K
}

